Build started 2013-02-27 10:54:40.
     1>Project "F:\SomeTD_Git\Projects\TileGameDemo\proj.win32\TileGameDemo.win32.vcxproj" on node 3 (Build target(s)).
     1>ClCompile:
         C:\Program Files (x86)\Microsoft Visual Studio 11.0\VC\bin\CL.exe /c /I. /I..\Classes /IF:\SomeTD_Git\Cocos2dx\cocos2dx /IF:\SomeTD_Git\Cocos2dx\cocos2dx\include /IF:\SomeTD_Git\Cocos2dx\cocos2dx\kazmath\include /IF:\SomeTD_Git\Cocos2dx\cocos2dx\platform\win32 /IF:\SomeTD_Git\Cocos2dx\cocos2dx\platform\third_party\win32 /IF:\SomeTD_Git\Cocos2dx\cocos2dx\platform\third_party\win32\OGLES /IF:\SomeTD_Git\Cocos2dx\external /IF:\SomeTD_Git\Cocos2dx\CocosDenshion\include /ZI /nologo /W3 /WX- /Od /Oy- /D WIN32 /D _WINDOWS /D STRICT /D _CRT_SECURE_NO_WARNINGS /D _SCL_SECURE_NO_WARNINGS_DEBUG /D COCOS2D_DEBUG=1 /D _USING_V110_SDK71_ /D _UNICODE /D UNICODE /Gm /EHsc /RTC1 /MDd /GS /fp:precise /Zc:wchar_t /Zc:forScope /Fo"Debug.win32\\" /Fd"Debug.win32\vc110.pdb" /Gd /TP /wd4267 /wd4251 /wd4244 /analyze- /errorReport:prompt ..\Classes\App\AppDelegate.cpp ..\Classes\App\HelloWorldScene.cpp
         AppDelegate.cpp
         Generating Code...
         Compiling...
         HelloWorldScene.cpp
         Generating Code...
       Link:
         C:\Program Files (x86)\Microsoft Visual Studio 11.0\VC\bin\link.exe /ERRORREPORT:PROMPT /OUT:"F:\SomeTD_Git\Debug.win32\TileGameDemo.win32.exe" /INCREMENTAL /NOLOGO /LIBPATH:F:\SomeTD_Git\Debug.win32\ libcocos2d.lib libExtensions.lib opengl32.lib glew32.lib libBox2d.lib libCocosDenshion.lib kernel32.lib user32.lib gdi32.lib winspool.lib comdlg32.lib advapi32.lib shell32.lib ole32.lib oleaut32.lib uuid.lib odbc32.lib odbccp32.lib /MANIFEST /MANIFESTUAC:"level='asInvoker' uiAccess='false'" /manifest:embed /DEBUG /PDB:"F:\SomeTD_Git\Debug.win32\TileGameDemo.win32.pdb" /SUBSYSTEM:WINDOWS,"5.01" /TLBID:1 /DYNAMICBASE /NXCOMPAT /IMPLIB:"F:\SomeTD_Git\Debug.win32\TileGameDemo.win32.lib" /MACHINE:X86 Debug.win32\TileGameDemo.res
         Debug.win32\AppDelegate.obj
         Debug.win32\HelloWorldScene.obj
         Debug.win32\InfoData.obj
         Debug.win32\TowerInformation.obj
         Debug.win32\Bullet.obj
         Debug.win32\Enemy.obj
         Debug.win32\Tower.obj
         Debug.win32\main.obj
         F:\SomeTD_Git\Debug.win32\libcocos2d.lib
         F:\SomeTD_Git\Debug.win32\libCocosDenshion.lib
         F:\SomeTD_Git\Debug.win32\libExtensions.lib
         F:\SomeTD_Git\Debug.win32\libBox2D.lib
         TileGameDemo.win32.vcxproj -> F:\SomeTD_Git\Debug.win32\TileGameDemo.win32.exe
     1>Done Building Project "F:\SomeTD_Git\Projects\TileGameDemo\proj.win32\TileGameDemo.win32.vcxproj" (Build target(s)).

Build succeeded.

Time Elapsed 00:00:04.29
